<?xml version="1.0" encoding="UTF-8"?>
<testsuite xmlns:xsi="http://www.w3.org/2001/XMLSchema-instance" xsi:noNamespaceSchemaLocation="https://maven.apache.org/surefire/maven-surefire-plugin/xsd/surefire-test-report-3.0.xsd" version="3.0" name="TestSuite" time="85.286" tests="9" errors="0" skipped="0" failures="0">
  <properties>
[...]
</properties>
  <testcase name="assertFormsUrl" classname="Homework09.Tests.TestDemoQaPage" time="1.271">
    <system-err><![CDATA[SLF4J: Failed to load class "org.slf4j.impl.StaticLoggerBinder".
SLF4J: Defaulting to no-operation (NOP) logger implementation
SLF4J: See http://www.slf4j.org/codes.html#StaticLoggerBinder for further details.
Starting ChromeDriver 106.0.5249.61 (511755355844955cd3e264779baf0dd38212a4d0-refs/branch-heads/5249@{#569}) on port 62464
Only local connections are allowed.
Please see https://chromedriver.chromium.org/security-considerations for suggestions on keeping ChromeDriver safe.
ChromeDriver was started successfully.
oct. 27, 2022 3:49:14 P. M. org.openqa.selenium.remote.ProtocolHandshake createSession
INFO: Detected upstream dialect: W3C
oct. 27, 2022 3:49:15 P. M. org.openqa.selenium.devtools.CdpVersionFinder findNearestMatch
WARNING: Unable to find an exact match for CDP version 106, so returning the closest version found: 104
oct. 27, 2022 3:49:15 P. M. org.openqa.selenium.devtools.CdpVersionFinder findNearestMatch
INFO: Found CDP implementation for version 106 of 104
]]></system-err>
  </testcase>
  <testcase name="assertPracticeFormsUrl" classname="Homework09.Tests.TestDemoQaPage" time="0.95"/>
  <testcase name="fillInputs[[name, lastName, email, mobile, subjects, address]](1)" classname="Homework09.Tests.TestDemoQaPage" time="1.532"/>
  <testcase name="selectGender" classname="Homework09.Tests.TestDemoQaPage" time="0.29"/>
  <testcase name="completeBirthDate" classname="Homework09.Tests.TestDemoQaPage" time="1.348"/>
  <testcase name="selectHobby" classname="Homework09.Tests.TestDemoQaPage" time="0.346"/>
  <testcase name="uploadImage" classname="Homework09.Tests.TestDemoQaPage" time="0.403">
    <system-out><![CDATA[
]]></system-out>
  </testcase>
  <testcase name="completeState" classname="Homework09.Tests.TestDemoQaPage" time="0.489"/>
  <testcase name="submit" classname="Homework09.Tests.TestDemoQaPage" time="0.166"/>
</testsuite>