<?xml version="1.0" encoding="UTF-8"?>
<!-- Generated by org.testng.reporters.JUnitXMLReporter -->
<testsuite ignored="0" hostname="DESKTOP-092J5ON" failures="0" tests="9" name="Homework09" time="76.377" errors="0" timestamp="2022-10-27T15:49:36 ART">
  <testcase classname="Homework09.Tests.TestDemoQaPage" name="assertFormsUrl" time="0.901"/>
  <testcase classname="Homework09.Tests.TestDemoQaPage" name="assertPracticeFormsUrl" time="0.921"/>
  <testcase classname="Homework09.Tests.TestDemoQaPage" name="fillInputs" time="1.499"/>
  <testcase classname="Homework09.Tests.TestDemoQaPage" name="selectGender" time="0.285"/>
  <testcase classname="Homework09.Tests.TestDemoQaPage" name="completeBirthDate" time="1.273"/>
  <testcase classname="Homework09.Tests.TestDemoQaPage" name="selectHobby" time="0.318"/>
  <testcase classname="Homework09.Tests.TestDemoQaPage" name="uploadImage" time="0.373"/>
  <testcase classname="Homework09.Tests.TestDemoQaPage" name="completeState" time="0.469"/>
  <testcase classname="Homework09.Tests.TestDemoQaPage" name="submit" time="0.135"/>
</testsuite> <!-- Homework09 -->
